Traceback (most recent call last):
  File "/opt/anaconda3/envs/pymc_env/lib/python3.11/site-packages/jupyter_cache/executors/utils.py", line 58, in single_nb_execution
    executenb(
  File "/opt/anaconda3/envs/pymc_env/lib/python3.11/site-packages/nbclient/client.py", line 1305, in execute
    return NotebookClient(nb=nb, resources=resources, km=km, **kwargs).execute()
           ^^^^^^^^^^^^^^^^^^^^^^^^^^^^^^^^^^^^^^^^^^^^^^^^^^^^^^^^^^^^^^^^^^^^^
  File "/opt/anaconda3/envs/pymc_env/lib/python3.11/site-packages/jupyter_core/utils/__init__.py", line 165, in wrapped
    return loop.run_until_complete(inner)
           ^^^^^^^^^^^^^^^^^^^^^^^^^^^^^^
  File "/opt/anaconda3/envs/pymc_env/lib/python3.11/asyncio/base_events.py", line 654, in run_until_complete
    return future.result()
           ^^^^^^^^^^^^^^^
  File "/opt/anaconda3/envs/pymc_env/lib/python3.11/site-packages/nbclient/client.py", line 705, in async_execute
    await self.async_execute_cell(
  File "/opt/anaconda3/envs/pymc_env/lib/python3.11/site-packages/nbclient/client.py", line 1058, in async_execute_cell
    await self._check_raise_for_error(cell, cell_index, exec_reply)
  File "/opt/anaconda3/envs/pymc_env/lib/python3.11/site-packages/nbclient/client.py", line 914, in _check_raise_for_error
    raise CellExecutionError.from_cell_and_msg(cell, exec_reply_content)
nbclient.exceptions.CellExecutionError: An error occurred while executing the following cell:
------------------
# Creiamo una lista di 366 giorni (0 compleanni per ogni giorno)
birthdays = [0] * 366
        
# Generiamo i compleanni per tutte le persone
for person in range(num_people):
    # Scegliamo un giorno a caso per il compleanno, da 0 a 365
    birth_date = random.randint(0, 365)
    # Incrementiamo il numero di compleanni per quel giorno
    birthdays[birth_date] += 1
    
print(*birthdays)
------------------


[0;31m---------------------------------------------------------------------------[0m
[0;31mNameError[0m                                 Traceback (most recent call last)
Cell [0;32mIn[19], line 5[0m
[1;32m      2[0m birthdays [38;5;241m=[39m [[38;5;241m0[39m] [38;5;241m*[39m [38;5;241m366[39m
[1;32m      4[0m [38;5;66;03m# Generiamo i compleanni per tutte le persone[39;00m
[0;32m----> 5[0m [38;5;28;01mfor[39;00m person [38;5;129;01min[39;00m [38;5;28mrange[39m([43mnum_people[49m):
[1;32m      6[0m     [38;5;66;03m# Scegliamo un giorno a caso per il compleanno, da 0 a 365[39;00m
[1;32m      7[0m     birth_date [38;5;241m=[39m random[38;5;241m.[39mrandint([38;5;241m0[39m, [38;5;241m365[39m)
[1;32m      8[0m     [38;5;66;03m# Incrementiamo il numero di compleanni per quel giorno[39;00m

[0;31mNameError[0m: name 'num_people' is not defined

