Traceback (most recent call last):
  File "/opt/anaconda3/envs/pymc_env/lib/python3.11/site-packages/jupyter_cache/executors/utils.py", line 58, in single_nb_execution
    executenb(
  File "/opt/anaconda3/envs/pymc_env/lib/python3.11/site-packages/nbclient/client.py", line 1314, in execute
    return NotebookClient(nb=nb, resources=resources, km=km, **kwargs).execute()
           ^^^^^^^^^^^^^^^^^^^^^^^^^^^^^^^^^^^^^^^^^^^^^^^^^^^^^^^^^^^^^^^^^^^^^
  File "/opt/anaconda3/envs/pymc_env/lib/python3.11/site-packages/jupyter_core/utils/__init__.py", line 165, in wrapped
    return loop.run_until_complete(inner)
           ^^^^^^^^^^^^^^^^^^^^^^^^^^^^^^
  File "/opt/anaconda3/envs/pymc_env/lib/python3.11/asyncio/base_events.py", line 654, in run_until_complete
    return future.result()
           ^^^^^^^^^^^^^^^
  File "/opt/anaconda3/envs/pymc_env/lib/python3.11/site-packages/nbclient/client.py", line 709, in async_execute
    await self.async_execute_cell(
  File "/opt/anaconda3/envs/pymc_env/lib/python3.11/site-packages/nbclient/client.py", line 1062, in async_execute_cell
    await self._check_raise_for_error(cell, cell_index, exec_reply)
  File "/opt/anaconda3/envs/pymc_env/lib/python3.11/site-packages/nbclient/client.py", line 918, in _check_raise_for_error
    raise CellExecutionError.from_cell_and_msg(cell, exec_reply_content)
nbclient.exceptions.CellExecutionError: An error occurred while executing the following cell:
------------------
plt.figure()
count, bins, ignored = plt.hist(rv.rvs(100000) * 360, bins=36, density=True, alpha=0.5)
plt.xlabel("Risultato dello spinner")
_ = plt.ylabel("Frequenza relativa")
------------------


[0;31m---------------------------------------------------------------------------[0m
[0;31mNameError[0m                                 Traceback (most recent call last)
Cell [0;32mIn[5], line 2[0m
[1;32m      1[0m plt[38;5;241m.[39mfigure()
[0;32m----> 2[0m count, bins, ignored [38;5;241m=[39m plt[38;5;241m.[39mhist([43mrv[49m[38;5;241m.[39mrvs([38;5;241m100000[39m) [38;5;241m*[39m [38;5;241m360[39m, bins[38;5;241m=[39m[38;5;241m36[39m, density[38;5;241m=[39m[38;5;28;01mTrue[39;00m, alpha[38;5;241m=[39m[38;5;241m0.5[39m)
[1;32m      3[0m plt[38;5;241m.[39mxlabel([38;5;124m"[39m[38;5;124mRisultato dello spinner[39m[38;5;124m"[39m)
[1;32m      4[0m _ [38;5;241m=[39m plt[38;5;241m.[39mylabel([38;5;124m"[39m[38;5;124mFrequenza relativa[39m[38;5;124m"[39m)

[0;31mNameError[0m: name 'rv' is not defined

