Traceback (most recent call last):
  File "/opt/anaconda3/envs/pymc_env/lib/python3.11/site-packages/jupyter_cache/executors/utils.py", line 58, in single_nb_execution
    executenb(
  File "/opt/anaconda3/envs/pymc_env/lib/python3.11/site-packages/nbclient/client.py", line 1305, in execute
    return NotebookClient(nb=nb, resources=resources, km=km, **kwargs).execute()
           ^^^^^^^^^^^^^^^^^^^^^^^^^^^^^^^^^^^^^^^^^^^^^^^^^^^^^^^^^^^^^^^^^^^^^
  File "/opt/anaconda3/envs/pymc_env/lib/python3.11/site-packages/jupyter_core/utils/__init__.py", line 165, in wrapped
    return loop.run_until_complete(inner)
           ^^^^^^^^^^^^^^^^^^^^^^^^^^^^^^
  File "/opt/anaconda3/envs/pymc_env/lib/python3.11/asyncio/base_events.py", line 654, in run_until_complete
    return future.result()
           ^^^^^^^^^^^^^^^
  File "/opt/anaconda3/envs/pymc_env/lib/python3.11/site-packages/nbclient/client.py", line 705, in async_execute
    await self.async_execute_cell(
  File "/opt/anaconda3/envs/pymc_env/lib/python3.11/site-packages/nbclient/client.py", line 1058, in async_execute_cell
    await self._check_raise_for_error(cell, cell_index, exec_reply)
  File "/opt/anaconda3/envs/pymc_env/lib/python3.11/site-packages/nbclient/client.py", line 914, in _check_raise_for_error
    raise CellExecutionError.from_cell_and_msg(cell, exec_reply_content)
nbclient.exceptions.CellExecutionError: An error occurred while executing the following cell:
------------------
with pm.Model() as model:
    mu = pm.Normal("mu", mu=0, sigma=10)
    sigma = pm.HalfNormal("sigma", sigma=10)
    y = pm.Normal("y", mu=mu, sigma=sigma, observed=data)
    # Sampling from the posterior
    # trace = pm.sampling_jax.sample_numpyro_nuts(1000)
    trace = pm.sample(nuts_sampler='nutpie', target_accept=0.95)
    # Generating posterior predictive samples
    trace = pm.sample_posterior_predictive(trace, extend_inferencedata=True)
------------------


[0;31m---------------------------------------------------------------------------[0m
[0;31mModuleNotFoundError[0m                       Traceback (most recent call last)
File [0;32m/opt/anaconda3/envs/pymc_env/lib/python3.11/site-packages/pymc/sampling/mcmc.py:277[0m, in [0;36m_sample_external_nuts[0;34m(sampler, draws, tune, chains, target_accept, random_seed, initvals, model, progressbar, idata_kwargs, nuts_sampler_kwargs, **kwargs)[0m
[1;32m    276[0m [38;5;28;01mtry[39;00m:
[0;32m--> 277[0m     [38;5;28;01mimport[39;00m [38;5;21;01mnutpie[39;00m
[1;32m    278[0m [38;5;28;01mexcept[39;00m [38;5;167;01mImportError[39;00m [38;5;28;01mas[39;00m err:

[0;31mModuleNotFoundError[0m: No module named 'nutpie'

The above exception was the direct cause of the following exception:

[0;31mImportError[0m                               Traceback (most recent call last)
Cell [0;32mIn[7], line 7[0m
[1;32m      4[0m y [38;5;241m=[39m pm[38;5;241m.[39mNormal([38;5;124m"[39m[38;5;124my[39m[38;5;124m"[39m, mu[38;5;241m=[39mmu, sigma[38;5;241m=[39msigma, observed[38;5;241m=[39mdata)
[1;32m      5[0m [38;5;66;03m# Sampling from the posterior[39;00m
[1;32m      6[0m [38;5;66;03m# trace = pm.sampling_jax.sample_numpyro_nuts(1000)[39;00m
[0;32m----> 7[0m trace [38;5;241m=[39m [43mpm[49m[38;5;241;43m.[39;49m[43msample[49m[43m([49m[43mnuts_sampler[49m[38;5;241;43m=[39;49m[38;5;124;43m'[39;49m[38;5;124;43mnutpie[39;49m[38;5;124;43m'[39;49m[43m,[49m[43m [49m[43mtarget_accept[49m[38;5;241;43m=[39;49m[38;5;241;43m0.95[39;49m[43m)[49m
[1;32m      8[0m [38;5;66;03m# Generating posterior predictive samples[39;00m
[1;32m      9[0m trace [38;5;241m=[39m pm[38;5;241m.[39msample_posterior_predictive(trace, extend_inferencedata[38;5;241m=[39m[38;5;28;01mTrue[39;00m)

File [0;32m/opt/anaconda3/envs/pymc_env/lib/python3.11/site-packages/pymc/sampling/mcmc.py:689[0m, in [0;36msample[0;34m(draws, tune, chains, cores, random_seed, progressbar, step, nuts_sampler, initvals, init, jitter_max_retries, n_init, trace, discard_tuned_samples, compute_convergence_checks, keep_warning_stat, return_inferencedata, idata_kwargs, nuts_sampler_kwargs, callback, mp_ctx, model, **kwargs)[0m
[1;32m    685[0m     [38;5;28;01mif[39;00m [38;5;129;01mnot[39;00m [38;5;28misinstance[39m(step, NUTS):
[1;32m    686[0m         [38;5;28;01mraise[39;00m [38;5;167;01mValueError[39;00m(
[1;32m    687[0m             [38;5;124m"[39m[38;5;124mModel can not be sampled with NUTS alone. Your model is probably not continuous.[39m[38;5;124m"[39m
[1;32m    688[0m         )
[0;32m--> 689[0m     [38;5;28;01mreturn[39;00m [43m_sample_external_nuts[49m[43m([49m
[1;32m    690[0m [43m        [49m[43msampler[49m[38;5;241;43m=[39;49m[43mnuts_sampler[49m[43m,[49m
[1;32m    691[0m [43m        [49m[43mdraws[49m[38;5;241;43m=[39;49m[43mdraws[49m[43m,[49m
[1;32m    692[0m [43m        [49m[43mtune[49m[38;5;241;43m=[39;49m[43mtune[49m[43m,[49m
[1;32m    693[0m [43m        [49m[43mchains[49m[38;5;241;43m=[39;49m[43mchains[49m[43m,[49m
[1;32m    694[0m [43m        [49m[43mtarget_accept[49m[38;5;241;43m=[39;49m[43mkwargs[49m[38;5;241;43m.[39;49m[43mpop[49m[43m([49m[38;5;124;43m"[39;49m[38;5;124;43mnuts[39;49m[38;5;124;43m"[39;49m[43m,[49m[43m [49m[43m{[49m[43m}[49m[43m)[49m[38;5;241;43m.[39;49m[43mget[49m[43m([49m[38;5;124;43m"[39;49m[38;5;124;43mtarget_accept[39;49m[38;5;124;43m"[39;49m[43m,[49m[43m [49m[38;5;241;43m0.8[39;49m[43m)[49m[43m,[49m
[1;32m    695[0m [43m        [49m[43mrandom_seed[49m[38;5;241;43m=[39;49m[43mrandom_seed[49m[43m,[49m
[1;32m    696[0m [43m        [49m[43minitvals[49m[38;5;241;43m=[39;49m[43minitvals[49m[43m,[49m
[1;32m    697[0m [43m        [49m[43mmodel[49m[38;5;241;43m=[39;49m[43mmodel[49m[43m,[49m
[1;32m    698[0m [43m        [49m[43mprogressbar[49m[38;5;241;43m=[39;49m[43mprogressbar[49m[43m,[49m
[1;32m    699[0m [43m        [49m[43midata_kwargs[49m[38;5;241;43m=[39;49m[43midata_kwargs[49m[43m,[49m
[1;32m    700[0m [43m        [49m[43mnuts_sampler_kwargs[49m[38;5;241;43m=[39;49m[43mnuts_sampler_kwargs[49m[43m,[49m
[1;32m    701[0m [43m        [49m[38;5;241;43m*[39;49m[38;5;241;43m*[39;49m[43mkwargs[49m[43m,[49m
[1;32m    702[0m [43m    [49m[43m)[49m
[1;32m    704[0m [38;5;28;01mif[39;00m [38;5;28misinstance[39m(step, [38;5;28mlist[39m):
[1;32m    705[0m     step [38;5;241m=[39m CompoundStep(step)

File [0;32m/opt/anaconda3/envs/pymc_env/lib/python3.11/site-packages/pymc/sampling/mcmc.py:279[0m, in [0;36m_sample_external_nuts[0;34m(sampler, draws, tune, chains, target_accept, random_seed, initvals, model, progressbar, idata_kwargs, nuts_sampler_kwargs, **kwargs)[0m
[1;32m    277[0m     [38;5;28;01mimport[39;00m [38;5;21;01mnutpie[39;00m
[1;32m    278[0m [38;5;28;01mexcept[39;00m [38;5;167;01mImportError[39;00m [38;5;28;01mas[39;00m err:
[0;32m--> 279[0m     [38;5;28;01mraise[39;00m [38;5;167;01mImportError[39;00m(
[1;32m    280[0m         [38;5;124m"[39m[38;5;124mnutpie not found. Install it with conda install -c conda-forge nutpie[39m[38;5;124m"[39m
[1;32m    281[0m     ) [38;5;28;01mfrom[39;00m [38;5;21;01merr[39;00m
[1;32m    283[0m [38;5;28;01mif[39;00m initvals [38;5;129;01mis[39;00m [38;5;129;01mnot[39;00m [38;5;28;01mNone[39;00m:
[1;32m    284[0m     warnings[38;5;241m.[39mwarn(
[1;32m    285[0m         [38;5;124m"[39m[38;5;124m`initvals` are currently not passed to nutpie sampler. [39m[38;5;124m"[39m
[1;32m    286[0m         [38;5;124m"[39m[38;5;124mUse `init_mean` kwarg following nutpie specification instead.[39m[38;5;124m"[39m,
[1;32m    287[0m         [38;5;167;01mUserWarning[39;00m,
[1;32m    288[0m     )

[0;31mImportError[0m: nutpie not found. Install it with conda install -c conda-forge nutpie

